C51 COMPILER V9.52.0.0   I2C                                                               03/02/2019 20:32:15 PAGE 1   


C51 COMPILER V9.52.0.0, COMPILATION OF MODULE I2C
OBJECT MODULE PLACED IN ..\out\i2c.obj
COMPILER INVOKED BY: C:\Keil\C51\BIN\C51.EXE ..\src\i2c.c BROWSE DEBUG OBJECTEXTEND PRINT(..\out\i2c.lst) OBJECT(..\out\
                    -i2c.obj)

line level    source

   1          #include "config.h"
   2          #include <intrins.h>
   3          
   4          #define I2CDelay() Delay5us()
   5          
   6          void Delay5us()         //@11.0592MHz
   7          {
   8   1              unsigned char i;
   9   1      
  10   1              _nop_();
  11   1              i = 11;
  12   1              while (--i);
  13   1      }
  14          
  15          void I2CStart()
  16          {
  17   1              I2C_SCL = 1;
  18   1              I2C_SDA = 1;
  19   1              I2CDelay();
  20   1              I2C_SDA = 0;
  21   1              I2CDelay();
  22   1              I2C_SCL = 0;
  23   1              I2CDelay();
  24   1      }
  25                  
  26          void I2CStop()
  27          {
  28   1              I2C_SCL = 0;
  29   1              I2C_SDA = 0;
  30   1              I2CDelay();
  31   1              I2C_SCL = 1;
  32   1              I2CDelay();
  33   1              I2C_SDA = 1;
  34   1              I2CDelay();
  35   1      }
  36          
  37          bit I2CWrite(u8 dat)
  38          {
  39   1              u8 mask;
  40   1              bit ack;
  41   1              
  42   1              for(mask = 0x80; mask != 0; mask >>=1)
  43   1              {
  44   2                      if((dat & mask) == 0)
  45   2                              I2C_SDA = 0;
  46   2                      else
  47   2                              I2C_SDA = 1;
  48   2                      I2CDelay();
  49   2                      I2C_SCL = 1;
  50   2                      I2CDelay();
  51   2                      I2C_SCL = 0;
  52   2                      I2CDelay();
  53   2              }
  54   1              I2C_SDA = 1;
C51 COMPILER V9.52.0.0   I2C                                                               03/02/2019 20:32:15 PAGE 2   

  55   1              I2CDelay();
  56   1              I2C_SCL = 1;
  57   1              ack = I2C_SDA;
  58   1              I2CDelay();
  59   1              I2C_SCL = 0;
  60   1              I2CDelay();
  61   1              
  62   1              return ~ack;
  63   1      }
  64          
  65          u8 I2CReadACK()
  66          {
  67   1              u8 mask;
  68   1              u8 dat;
  69   1              
  70   1              I2C_SDA = 1;//SDA为1，主机才能读！！！！1
  71   1              I2CDelay();
  72   1              for(mask = 0x80; mask != 0; mask >>= 1)
  73   1              {
  74   2                      I2C_SCL = 1;//SCL为1，才能读数据！！！！
  75   2                      I2CDelay();
  76   2                      if(I2C_SDA == 1)
  77   2                              dat |= mask;
  78   2                      else
  79   2                              dat &= ~mask;
  80   2                      I2C_SCL = 0;//这里只要拉低SCl就可以了！！
  81   2                      I2CDelay();
  82   2              }
  83   1              I2C_SDA = 0;
  84   1              I2CDelay();
  85   1              I2C_SCL = 1;
  86   1              I2CDelay();
  87   1              I2C_SCL = 0;
  88   1              I2CDelay();
  89   1              
  90   1              return dat;
  91   1      }
  92                  
  93          u8 I2CReadNAK()
  94          {
  95   1              u8 mask;
  96   1              u8 dat;
  97   1              
  98   1              I2C_SDA = 1;//SDA为1，主机才能读！！！！1
  99   1              I2CDelay();
 100   1              for(mask = 0x80; mask != 0; mask >>= 1)
 101   1              {
 102   2                      I2C_SCL = 1;//SCL为1，才能读数据！！！！
 103   2                      I2CDelay();
 104   2                      if(I2C_SDA == 1)
 105   2                              dat |= mask;
 106   2                      else
 107   2                              dat &= ~mask;
 108   2                      I2C_SCL = 0;//这里只要拉低SCl就可以了！！
 109   2                      I2CDelay();
 110   2              }
 111   1              I2C_SDA = 1;
 112   1              I2CDelay();
 113   1              I2C_SCL = 1;
 114   1              I2CDelay();
 115   1              I2C_SCL = 0;
 116   1              I2CDelay();
C51 COMPILER V9.52.0.0   I2C                                                               03/02/2019 20:32:15 PAGE 3   

 117   1              
 118   1              return dat;
 119   1      }
 120                  
 121          


MODULE INFORMATION:   STATIC OVERLAYABLE
   CODE SIZE        =    183    ----
   CONSTANT SIZE    =   ----    ----
   XDATA SIZE       =   ----    ----
   PDATA SIZE       =   ----    ----
   DATA SIZE        =   ----    ----
   IDATA SIZE       =   ----    ----
   BIT SIZE         =   ----       1
END OF MODULE INFORMATION.


C51 COMPILATION COMPLETE.  0 WARNING(S),  0 ERROR(S)
