C51 COMPILER V9.52.0.0   KEY                                                               03/02/2019 20:32:15 PAGE 1   


C51 COMPILER V9.52.0.0, COMPILATION OF MODULE KEY
OBJECT MODULE PLACED IN ..\out\key.obj
COMPILER INVOKED BY: C:\Keil\C51\BIN\C51.EXE ..\src\key.c BROWSE DEBUG OBJECTEXTEND PRINT(..\out\key.lst) OBJECT(..\out\
                    -key.obj)

line level    source

   1          #include "config.h"
   2          
   3          u8 KeyCodeMap[4] = {'1', '2', '3', '4'};
   4          u8 KeySta[4] = {1, 1, 1, 1};
   5          
   6          extern void KeyAction(u8 keycode);
   7          
   8          void KeyScan()
   9          {
  10   1              static u8 keybuff[4] = {0xFF, 0xFF, 0xFF, 0xFF};
  11   1              u8 i;
  12   1              
  13   1          keybuff[0] = (keybuff[0]<<1) | KEY_IN_1;
  14   1              keybuff[1] = (keybuff[1]<<1) | KEY_IN_2;
  15   1              keybuff[2] = (keybuff[2]<<1) | KEY_IN_3;
  16   1              keybuff[3] = (keybuff[3]<<1) | KEY_IN_4;
  17   1              
  18   1              for(i = 0; i<4; i++)
  19   1              {
  20   2                      if(keybuff[i] == 0xFF)
  21   2                              KeySta[i] = 1;
  22   2                      else
  23   2                              KeySta[i] = 0;
  24   2              }
  25   1      }
  26          
  27          void KeyDriver()
  28          {
  29   1              static u8 backup[4] = {1, 1, 1, 1};
  30   1              u8 i;
  31   1              
  32   1              for(i = 0; i<4; i++)
  33   1              {
  34   2                      if(KeySta[i] != backup[i])
  35   2                      {
  36   3                              if(backup[i] == 1)
  37   3                              {
  38   4                                      KeyAction(KeyCodeMap[i]);
  39   4                              }
  40   3                              backup[i] = KeySta[i];
  41   3                      }
  42   2              }
  43   1      }


MODULE INFORMATION:   STATIC OVERLAYABLE
   CODE SIZE        =    134    ----
   CONSTANT SIZE    =   ----    ----
   XDATA SIZE       =   ----    ----
   PDATA SIZE       =   ----    ----
   DATA SIZE        =     16       1
   IDATA SIZE       =   ----    ----
   BIT SIZE         =   ----    ----
END OF MODULE INFORMATION.

C51 COMPILER V9.52.0.0   KEY                                                               03/02/2019 20:32:15 PAGE 2   


C51 COMPILATION COMPLETE.  0 WARNING(S),  0 ERROR(S)
