C51 COMPILER V9.52.0.0   I2C                                                               04/05/2019 18:23:03 PAGE 1   


C51 COMPILER V9.52.0.0, COMPILATION OF MODULE I2C
OBJECT MODULE PLACED IN ..\out\i2c.obj
COMPILER INVOKED BY: C:\Keil\C51\BIN\C51.EXE ..\src\i2c.c LARGE BROWSE DEBUG OBJECTEXTEND PRINT(..\out\i2c.lst) OBJECT(.
                    -.\out\i2c.obj)

line level    source

   1          #include "config.h"
   2          
   3          #define I2CDelay()Delay5us()
   4          
   5          void Delay5us()         //@11.0592MHz
   6          {
   7   1              unsigned char i;
   8   1      
   9   1              _nop_();
  10   1              i = 11;
  11   1              while (--i);
  12   1      }
  13          
  14          void I2CStart()
  15          {
  16   1              I2C_SCL = 1;
  17   1              I2C_SDA = 1;
  18   1              I2CDelay();
  19   1              I2C_SDA = 0;
  20   1              I2CDelay();
  21   1              I2C_SCL = 0;
  22   1              I2CDelay();
  23   1      }
  24          
  25          void I2CStop()
  26          {
  27   1              I2C_SCL = 0;
  28   1              I2C_SDA = 0;
  29   1              I2CDelay();
  30   1              I2C_SCL = 1;
  31   1              I2CDelay();
  32   1              I2C_SDA = 1;
  33   1              I2CDelay();
  34   1      }
  35          
  36          bit I2CWrite(u8 dat)
  37          {
  38   1              u8 mask;
  39   1              bit ack;
  40   1              
  41   1              for(mask = 0x80; mask != 0; mask >>= 1)
  42   1              {
  43   2                      if(dat & mask)
  44   2                      {
  45   3                              I2C_SDA = 1;
  46   3                      }
  47   2                      else
  48   2                      {
  49   3                              I2C_SDA = 0;
  50   3                      }
  51   2                      I2CDelay();
  52   2                      I2C_SCL = 1;
  53   2                      I2CDelay();
  54   2                      I2C_SCL = 0;
C51 COMPILER V9.52.0.0   I2C                                                               04/05/2019 18:23:03 PAGE 2   

  55   2                      I2CDelay();
  56   2              }
  57   1              I2C_SDA = 1;
  58   1              I2CDelay();
  59   1              I2C_SCL = 1;
  60   1              I2CDelay();
  61   1              ack = I2C_SDA;
  62   1              I2C_SCL = 0;
  63   1              
  64   1              return ~ack;
  65   1      }
  66          
  67          u8 I2CReadACK()
  68          {
  69   1              u8 mask;
  70   1              u8 dat = 0;
  71   1              
  72   1              I2C_SDA = 1;
  73   1              I2CDelay();
  74   1              for(mask = 0x80; mask != 0; mask >>= 1)
  75   1              {
  76   2                      I2C_SCL = 1;
  77   2                      I2CDelay();
  78   2                      if(I2C_SDA)
  79   2                      {
  80   3                              dat |= mask;
  81   3                      }
  82   2                      I2CDelay();
  83   2                      I2C_SCL = 0;
  84   2                      I2CDelay();
  85   2              }
  86   1              I2C_SDA = 0;
  87   1              I2CDelay();
  88   1              I2C_SCL = 1;
  89   1              I2CDelay();
  90   1              I2C_SCL = 0;
  91   1              I2CDelay();
  92   1              
  93   1              return dat;
  94   1      }
  95          
  96          u8 I2CReadNAK()
  97          {
  98   1              u8 mask;
  99   1              u8 dat = 0;
 100   1              
 101   1              I2C_SDA = 1;
 102   1              I2CDelay();
 103   1              for(mask = 0x80; mask != 0; mask >>= 1)
 104   1              {
 105   2                      I2C_SCL = 1;
 106   2                      I2CDelay();
 107   2                      if(I2C_SDA)
 108   2                      {
 109   3                              dat |= mask;
 110   3                      }
 111   2                      I2CDelay();
 112   2                      I2C_SCL = 0;
 113   2                      I2CDelay();
 114   2              }
 115   1              I2C_SDA = 1;
 116   1              I2CDelay();
C51 COMPILER V9.52.0.0   I2C                                                               04/05/2019 18:23:03 PAGE 3   

 117   1              I2C_SCL = 1;
 118   1              I2CDelay();
 119   1              I2C_SCL = 0;
 120   1              I2CDelay();
 121   1              
 122   1              return dat;
 123   1      }


MODULE INFORMATION:   STATIC OVERLAYABLE
   CODE SIZE        =    173    ----
   CONSTANT SIZE    =   ----    ----
   XDATA SIZE       =   ----    ----
   PDATA SIZE       =   ----    ----
   DATA SIZE        =   ----    ----
   IDATA SIZE       =   ----    ----
   BIT SIZE         =   ----       1
END OF MODULE INFORMATION.


C51 COMPILATION COMPLETE.  0 WARNING(S),  0 ERROR(S)
