C51 COMPILER V9.52.0.0   KEY                                                               04/05/2019 18:23:03 PAGE 1   


C51 COMPILER V9.52.0.0, COMPILATION OF MODULE KEY
OBJECT MODULE PLACED IN ..\out\key.obj
COMPILER INVOKED BY: C:\Keil\C51\BIN\C51.EXE ..\src\key.c LARGE BROWSE DEBUG OBJECTEXTEND PRINT(..\out\key.lst) OBJECT(.
                    -.\out\key.obj)

line level    source

   1          #include "config.h"
   2          
   3          u8 KeySta[4] = {1, 1, 1, 1};
   4          u8 KeyCodeMap[4] = {'1', '2', '3', '4'};
   5          
   6          extern void KeyAction(u8 keycode);
   7          
   8          void KeyScan()
   9          {
  10   1              static u8 keybuff[4] = {0xFF, 0xFF, 0xFF, 0xFF};
  11   1              u8 i;
  12   1              
  13   1              keybuff[0] = (keybuff[0] << 1) | KEY_IN_1;
  14   1              keybuff[1] = (keybuff[1] << 1) | KEY_IN_2;
  15   1              keybuff[2] = (keybuff[2] << 1) | KEY_IN_3;
  16   1              keybuff[3] = (keybuff[3] << 1) | KEY_IN_4;
  17   1              
  18   1              for(i = 0; i < 4; i++)
  19   1              {
  20   2                      if(keybuff[i] == 0xFF)
  21   2                      {
  22   3                              KeySta[i] = 1;
  23   3                      }
  24   2                      else if(keybuff[i] == 0x00)
  25   2                      {
  26   3                              KeySta[i] = 0;
  27   3                      }
  28   2              }
  29   1      }
  30          
  31          void KeyDriver()
  32          {
  33   1              u8 i;
  34   1              static u8 backup[4] = {1, 1, 1, 1};
  35   1              
  36   1              for(i = 0; i < 4;i++)
  37   1              {
  38   2                      if(KeySta[i] != backup[i])
  39   2                      {
  40   3                              if(backup[i] == 1)
  41   3                              {
  42   4                                      KeyAction(KeyCodeMap[i]);
  43   4                              }
  44   3                              backup[i] = KeySta[i];
  45   3                      }
  46   2              }
  47   1      }


MODULE INFORMATION:   STATIC OVERLAYABLE
   CODE SIZE        =    199    ----
   CONSTANT SIZE    =   ----    ----
   XDATA SIZE       =     16       1
   PDATA SIZE       =   ----    ----
C51 COMPILER V9.52.0.0   KEY                                                               04/05/2019 18:23:03 PAGE 2   

   DATA SIZE        =   ----    ----
   IDATA SIZE       =   ----    ----
   BIT SIZE         =   ----    ----
END OF MODULE INFORMATION.


C51 COMPILATION COMPLETE.  0 WARNING(S),  0 ERROR(S)
