C51 COMPILER V9.52.0.0   PCF8591                                                           04/05/2019 18:23:04 PAGE 1   


C51 COMPILER V9.52.0.0, COMPILATION OF MODULE PCF8591
OBJECT MODULE PLACED IN ..\out\pcf8591.obj
COMPILER INVOKED BY: C:\Keil\C51\BIN\C51.EXE ..\src\pcf8591.c LARGE BROWSE DEBUG OBJECTEXTEND PRINT(..\out\pcf8591.lst) 
                    -OBJECT(..\out\pcf8591.obj)

line level    source

   1          #include "config.h"
   2          #include "i2c.h"
   3          
   4          #define VCC 500
   5          
   6          u16 GetADCValue(u8 chn)
   7          {
   8   1              u16 val;
   9   1              
  10   1              I2CStart();
  11   1              if(!I2CWrite(0x48 << 1))
  12   1              {
  13   2                      I2CStop();
  14   2                      return 0;
  15   2              }
  16   1              I2CWrite((0x40 << 1) | chn);
  17   1              I2CStart();
  18   1              I2CWrite((0x48 << 1) | 0x01);
  19   1              I2CReadACK();
  20   1              val = I2CReadNAK();
  21   1              
  22   1              I2CStop();
  23   1              
  24   1              val = ((u32)val * 500) / 255;
  25   1              return val;
  26   1      }
  27          
  28          void  SetDACValue(u16 val)
  29          {
  30   1              val = ((u32)val * 255) / 500;
  31   1              
  32   1              I2CStart();
  33   1              if(!I2CWrite(0x48 << 1))
  34   1              {
  35   2                      I2CStop();
  36   2                      return ;
  37   2              }
  38   1              I2CWrite(0x40);
  39   1              I2CWrite(val);
  40   1              I2CStop();
  41   1      }


MODULE INFORMATION:   STATIC OVERLAYABLE
   CODE SIZE        =    161    ----
   CONSTANT SIZE    =   ----    ----
   XDATA SIZE       =   ----       5
   PDATA SIZE       =   ----    ----
   DATA SIZE        =   ----    ----
   IDATA SIZE       =   ----    ----
   BIT SIZE         =   ----    ----
END OF MODULE INFORMATION.


C51 COMPILATION COMPLETE.  0 WARNING(S),  0 ERROR(S)
