C51 COMPILER V9.52.0.0   DS18B20                                                           03/22/2019 19:35:20 PAGE 1   


C51 COMPILER V9.52.0.0, COMPILATION OF MODULE DS18B20
OBJECT MODULE PLACED IN ..\out\ds18b20.obj
COMPILER INVOKED BY: C:\Keil\C51\BIN\C51.EXE ..\src\ds18b20.c LARGE BROWSE DEBUG OBJECTEXTEND PRINT(..\out\ds18b20.lst) 
                    -OBJECT(..\out\ds18b20.obj)

line level    source

   1          #include "config.h"
   2          
   3          void DelayUs(u8 us)
   4          {
   5   1              do{
   6   2                      _nop_();
   7   2                      _nop_();
   8   2                      _nop_();
   9   2                      _nop_();
  10   2                      _nop_();
  11   2                      _nop_();
  12   2                      _nop_();
  13   2                      _nop_();
  14   2              }while(--us);
  15   1      }
  16          
  17          bit Get18B20ACK()
  18          {
  19   1              bit ack;
  20   1              EA = 0;
  21   1              IO_18B20 = 0;
  22   1              DelayUs(250);
  23   1              DelayUs(250);
  24   1              IO_18B20 = 1;
  25   1              DelayUs(60);
  26   1              ack = IO_18B20;
  27   1              while(!IO_18B20);
  28   1              EA = 1;
  29   1              
  30   1              return ~ack;
  31   1      }
  32          
  33          void Write18B20(u8 dat)
  34          {
  35   1              u8 mask;
  36   1              
  37   1              EA = 0;
  38   1              for(mask = 0x01; mask != 0; mask <<= 1)
  39   1              {
  40   2                      IO_18B20 = 0;
  41   2                      DelayUs(2);
  42   2                      if(dat & mask)
  43   2                      {
  44   3                              IO_18B20 = 1;
  45   3                      }
  46   2                      else
  47   2                      {
  48   3                              IO_18B20 = 0;
  49   3                      }
  50   2                      DelayUs(60);
  51   2                      IO_18B20 = 1;
  52   2              }
  53   1              EA = 1;
  54   1      }
C51 COMPILER V9.52.0.0   DS18B20                                                           03/22/2019 19:35:20 PAGE 2   

  55          
  56          u8 Read18B20()
  57          {
  58   1              u8 mask;
  59   1              u8 dat = 0;
  60   1              
  61   1              EA = 0;
  62   1              for(mask = 0x01; mask != 0; mask <<= 1)
  63   1              {
  64   2                      IO_18B20 = 0;
  65   2                      DelayUs(2);
  66   2                      IO_18B20 = 1;
  67   2                      DelayUs(2);
  68   2                      if(IO_18B20)
  69   2                      {
  70   3                              dat |= mask;
  71   3                      }
  72   2                      DelayUs(60);
  73   2              }
  74   1              EA = 1;
  75   1              return dat;
  76   1      }
  77          
  78          bit Start18B20()
  79          {
  80   1              bit ack;
  81   1              ack = Get18B20ACK();
  82   1              
  83   1              if(ack)
  84   1              {
  85   2                      Write18B20(0xCC);
  86   2                      Write18B20(0x44);
  87   2              }
  88   1              return ~ack;
  89   1      }
  90          
  91          bit Get18B20Temp(int *temp)
  92          {
  93   1              bit ack;
  94   1              u8 MSB,LSB;
  95   1              ack = Get18B20ACK();
  96   1              
  97   1              if(ack)
  98   1              {
  99   2                      Write18B20(0xCC);
 100   2                      Write18B20(0xBE);//读取转换温度是0xBE！！！！！
 101   2                      LSB = Read18B20();
 102   2                      MSB = Read18B20();
 103   2                      
 104   2                      MSB &= 0x0F;
 105   2                      *temp = ((int)MSB << 8) | LSB;
 106   2              }
 107   1              return ~ack;
 108   1      }


MODULE INFORMATION:   STATIC OVERLAYABLE
   CODE SIZE        =    195    ----
   CONSTANT SIZE    =   ----    ----
   XDATA SIZE       =   ----    ----
   PDATA SIZE       =   ----    ----
   DATA SIZE        =   ----    ----
C51 COMPILER V9.52.0.0   DS18B20                                                           03/22/2019 19:35:20 PAGE 3   

   IDATA SIZE       =   ----    ----
   BIT SIZE         =   ----       3
END OF MODULE INFORMATION.


C51 COMPILATION COMPLETE.  0 WARNING(S),  0 ERROR(S)
