C51 COMPILER V9.52.0.0   MAIN                                                              03/22/2019 19:35:20 PAGE 1   


C51 COMPILER V9.52.0.0, COMPILATION OF MODULE MAIN
OBJECT MODULE PLACED IN ..\out\main.obj
COMPILER INVOKED BY: C:\Keil\C51\BIN\C51.EXE ..\src\main.c LARGE BROWSE DEBUG OBJECTEXTEND PRINT(..\out\main.lst) OBJECT
                    -(..\out\main.obj)

line level    source

   1          #include "config.h"
   2          #include "led.h"
   3          #include "key.h"
   4          #include "e2prom.h"
   5          #include "pcf8591.h"
   6          #include "ds18b20.h"
   7          #include "ds1302.h"
   8          
   9          u8 T0RH;
  10          u8 T0RL;
  11          u8 test = 0;
  12          u8 flag200ms = 0;
  13          
  14          struct sTime buffTime;
  15          
  16          void CloseOther();
  17          void ConfigTimer0(u16 ms);
  18          void RefreshVal();
  19          void RefreshTemp();
  20          void RefreshTime();
  21          
  22          void main()
  23          {
  24   1          E2Read(&test, 0x00, 1);
  25   1              EA = 1;
  26   1              CloseOther();
  27   1              ConfigTimer0(1);
  28   1              Start18B20();
  29   1              InitDS1302Time();
  30   1              
  31   1              while(1)
  32   1              {
  33   2                      KeyDriver();
  34   2                      if(flag200ms)
  35   2                      {
  36   3                              flag200ms = 0;
  37   3                              RefreshTime();
  38   3                      }
  39   2              }
  40   1      }
  41          
  42          void CloseOther()
  43          {
  44   1              P2 = (P2 & 0x1F) | 0x80;
  45   1              P0 = 0xFF;
  46   1              P2 &= 0x1F;
  47   1              
  48   1              P2 = (P2 & 0x1F) | 0xA0;
  49   1              P0 = 0xAF;
  50   1              P2 &= 0x1F;
  51   1      }
  52          
  53          void ConfigTimer0(u16 ms)
  54          {
C51 COMPILER V9.52.0.0   MAIN                                                              03/22/2019 19:35:20 PAGE 2   

  55   1              u32 tmp;
  56   1              tmp = 11059200 / 12;
  57   1              tmp = (tmp * ms) / 1000;
  58   1              tmp = 65536 - tmp;
  59   1              T0RH = (u8)(tmp >> 8);
  60   1              T0RL = (u8)tmp;
  61   1              TMOD &= 0xF0;
  62   1              TMOD |= 0x01;
  63   1              TH0 = T0RH;
  64   1              TL0 = T0RL;
  65   1              ET0 = 1;
  66   1              TR0 = 1;
  67   1      }
  68          
  69          void InterruptTimer0()interrupt 1
  70          {
  71   1              static tmr200ms = 0;
  72   1              TH0 = T0RH;
  73   1              TL0 = T0RL;
  74   1              LedScan();
  75   1              KeyScan();
  76   1              
  77   1              tmr200ms++;
  78   1              if(tmr200ms >= 200)
  79   1              {
  80   2                      tmr200ms = 0;
  81   2                      flag200ms = 1;
  82   2              }
  83   1      }
  84          
  85          void KeyAction(u8 keycode)
  86          {
  87   1              if(keycode == '1')
  88   1              {
  89   2                      test++;
  90   2                      E2Write(&test, 0x00, 1);
  91   2              }
  92   1      }
  93          
  94          void RefreshVal()
  95          {
  96   1              u8 i;
  97   1              u8 val;
  98   1              val = GetADCValue(3);
  99   1              
 100   1              for(i = 7; i>1; i--)
 101   1              {
 102   2                      LedBuff[i] = 0xFF;
 103   2              }
 104   1              LedBuff[0] = LedChar[val % 10];
 105   1              LedBuff[1] = LedChar[(val / 10) % 10];
 106   1              LedBuff[1] &= 0x7F;
 107   1      }
 108          
 109          void RefreshTemp()
 110          {
 111   1              u8 i;
 112   1              int temp;
 113   1              
 114   1              Start18B20();
 115   1              Get18B20Temp(&temp);
 116   1              temp >>= 4;
C51 COMPILER V9.52.0.0   MAIN                                                              03/22/2019 19:35:20 PAGE 3   

 117   1              Start18B20();
 118   1              for(i = 7; i>2; i--)
 119   1              {
 120   2                      LedBuff[i] = 0xFF;
 121   2              }
 122   1              LedBuff[0] = LedChar[12];
 123   1              LedBuff[1] = LedChar[temp % 10];
 124   1              LedBuff[2] = LedChar[(temp / 10) % 10];
 125   1      }
 126          
 127          void ShowLedNumber(u8 index, u8 num)
 128          {
 129   1              if(num == 0xBF)
 130   1              {
 131   2                      LedBuff[index] = 0xBF;
 132   2              }
 133   1              else
 134   1              {
 135   2                      LedBuff[index] = LedChar[num];
 136   2              }
 137   1      }
 138          
 139          void RefreshTime()
 140          {
 141   1              GetRealTime(&buffTime);
 142   1              ShowLedNumber(7, (buffTime.hour) >> 4);
 143   1              ShowLedNumber(6, (buffTime.hour) & 0x0F);
 144   1              ShowLedNumber(5, 0xBF);
 145   1              ShowLedNumber(4, (buffTime.min) >> 4);
 146   1              ShowLedNumber(3, (buffTime.min) & 0x0F);
 147   1              ShowLedNumber(2, 0xBF);
 148   1              ShowLedNumber(1, (buffTime.sec) >> 4);
 149   1              ShowLedNumber(0, (buffTime.sec) & 0x0F);
 150   1      }


MODULE INFORMATION:   STATIC OVERLAYABLE
   CODE SIZE        =    695    ----
   CONSTANT SIZE    =   ----    ----
   XDATA SIZE       =     14       6
   PDATA SIZE       =   ----    ----
   DATA SIZE        =   ----    ----
   IDATA SIZE       =   ----    ----
   BIT SIZE         =   ----    ----
END OF MODULE INFORMATION.


C51 COMPILATION COMPLETE.  0 WARNING(S),  0 ERROR(S)
