C51 COMPILER V9.52.0.0   PCF8591                                                           03/22/2019 19:35:21 PAGE 1   


C51 COMPILER V9.52.0.0, COMPILATION OF MODULE PCF8591
OBJECT MODULE PLACED IN ..\out\pcf8591.obj
COMPILER INVOKED BY: C:\Keil\C51\BIN\C51.EXE ..\src\pcf8591.c LARGE BROWSE DEBUG OBJECTEXTEND PRINT(..\out\pcf8591.lst) 
                    -OBJECT(..\out\pcf8591.obj)

line level    source

   1          #include "config.h"
   2          #include "i2c.h"
   3          
   4          #define VCC 50
   5          
   6          u8 GetADCValue(u8 chn)
   7          {
   8   1              u8 val;
   9   1              I2CStart();
  10   1              if(!I2CWrite(0x48 << 1))
  11   1              {
  12   2                      I2CStop();
  13   2                      return 0;
  14   2              }
  15   1              I2CWrite((0x40 << 1) | chn);
  16   1              I2CStart();
  17   1              I2CWrite((0x48 << 1) | 0x01);
  18   1              I2CReadACK();
  19   1              val = I2CReadNAK();
  20   1              I2CStop();
  21   1              
  22   1              val = (val * VCC) / 255;
  23   1              return val;
  24   1      }
  25          
  26          void  SetDACValue(u8 val)
  27          {
  28   1              I2CStart();
  29   1              if(!I2CWrite(0x48 << 1))
  30   1              {
  31   2                      I2CStop();
  32   2                      return ;
  33   2              }
  34   1              I2CWrite(0x40);
  35   1              val = (val * 255) / VCC;
  36   1              I2CWrite(val);
  37   1              I2CStop();
  38   1      }


MODULE INFORMATION:   STATIC OVERLAYABLE
   CODE SIZE        =    123    ----
   CONSTANT SIZE    =   ----    ----
   XDATA SIZE       =   ----       3
   PDATA SIZE       =   ----    ----
   DATA SIZE        =   ----    ----
   IDATA SIZE       =   ----    ----
   BIT SIZE         =   ----    ----
END OF MODULE INFORMATION.


C51 COMPILATION COMPLETE.  0 WARNING(S),  0 ERROR(S)
