C51 COMPILER V9.52.0.0   KEY                                                               03/09/2019 11:06:36 PAGE 1   


C51 COMPILER V9.52.0.0, COMPILATION OF MODULE KEY
OBJECT MODULE PLACED IN ..\out\key.obj
COMPILER INVOKED BY: C:\Keil\C51\BIN\C51.EXE ..\src\key.c LARGE BROWSE DEBUG OBJECTEXTEND PRINT(..\out\key.lst) OBJECT(.
                    -.\out\key.obj)

line level    source

   1          #include "config.h"
   2          
   3          KeySta[4] = {1, 1, 1, 1};
   4          KeyCodeMap[4] = {'1', '2', '3', '4'};
   5          
   6          extern void KeyAction(u8 keycode);
   7          extern u8 flag18b20;
   8          
   9          void KeyDriver()
  10          {
  11   1              static u8 backup[4] = {1, 1, 1, 1};
  12   1              u8 i;
  13   1              for(i = 0; i<4; i++)
  14   1              {
  15   2                      if(KeySta[i] != backup[i])
  16   2                      {
  17   3                              if(backup[i] == 1)
  18   3                                      KeyAction(KeyCodeMap[i]);
  19   3                              backup[i] = KeySta[i];
  20   3                      }
  21   2              }
  22   1      }
  23          
  24          void KeyScan()
  25          {
  26   1              static u8 keybuff[4] = {0xFF, 0xFF, 0xFF, 0xFF};
  27   1              u8 i;
  28   1              
  29   1              keybuff[0] = (keybuff[0] << 1) | KEY_IN_1;
  30   1              keybuff[1] = (keybuff[1] << 1) | KEY_IN_2;
  31   1              keybuff[2] = (keybuff[2] << 1) | KEY_IN_3;
  32   1              keybuff[3] = (keybuff[3] << 1) | KEY_IN_4;
  33   1              
  34   1              for(i = 0; i<4; i++)
  35   1              {
  36   2                      if(keybuff[i] == 0x00)
  37   2                      {
  38   3                              KeySta[i] = 0;
  39   3                              if(i == 3)
  40   3                              {
  41   4                                      flag18b20 = 1;
  42   4                              }
  43   3                      }
  44   2                      else
  45   2                      {
  46   3                              KeySta[i] = 1;
  47   3                              if(i == 3)
  48   3                              {
  49   4                                      flag18b20 = 0;
  50   4                              }
  51   3                      }
  52   2              }
  53   1      }

C51 COMPILER V9.52.0.0   KEY                                                               03/09/2019 11:06:36 PAGE 2   


MODULE INFORMATION:   STATIC OVERLAYABLE
   CODE SIZE        =    236    ----
   CONSTANT SIZE    =   ----    ----
   XDATA SIZE       =     24       1
   PDATA SIZE       =   ----    ----
   DATA SIZE        =   ----    ----
   IDATA SIZE       =   ----    ----
   BIT SIZE         =   ----    ----
END OF MODULE INFORMATION.


C51 COMPILATION COMPLETE.  0 WARNING(S),  0 ERROR(S)
