C51 COMPILER V9.52.0.0   LED                                                               03/09/2019 11:06:36 PAGE 1   


C51 COMPILER V9.52.0.0, COMPILATION OF MODULE LED
OBJECT MODULE PLACED IN ..\out\led.obj
COMPILER INVOKED BY: C:\Keil\C51\BIN\C51.EXE ..\src\led.c LARGE BROWSE DEBUG OBJECTEXTEND PRINT(..\out\led.lst) OBJECT(.
                    -.\out\led.obj)

line level    source

   1          #include "config.h"
   2          
   3          u8 LedChar[] = {0xC0, 0xF9, 0xA4, 0xB0, 0x99, 0x92, 0x82, 0xF8, 0x80 ,0x90, 0x88, 0x83, 0xC6, 0xA1, 0x86, 
             -0x8E};
   4          u8 LedBuff[] = {0xFF, 0xFF, 0xFF, 0xFF, 0xFF, 0xFF, 0xFF, 0xFF};
   5          
   6          void LedScan()
   7          {
   8   1              static u8 index = 0;
   9   1              
  10   1              P2 = (P2 & 0x1F) | 0xE0;
  11   1              P0 = 0xFF;
  12   1              P2 &= 0x1F;
  13   1              
  14   1              P2 = (P2 & 0x1F) | 0xC0;
  15   1              P0 = 0x80 >> index;
  16   1              P2 &= 0x1F;
  17   1              
  18   1              P2 = (P2 & 0x1F) | 0xE0;
  19   1              P0 = LedBuff[index];
  20   1              P2 &= 0x1F;
  21   1              
  22   1              index++;
  23   1              index &= 7;
  24   1      }


MODULE INFORMATION:   STATIC OVERLAYABLE
   CODE SIZE        =     78    ----
   CONSTANT SIZE    =   ----    ----
   XDATA SIZE       =     25    ----
   PDATA SIZE       =   ----    ----
   DATA SIZE        =   ----    ----
   IDATA SIZE       =   ----    ----
   BIT SIZE         =   ----    ----
END OF MODULE INFORMATION.


C51 COMPILATION COMPLETE.  0 WARNING(S),  0 ERROR(S)
