C51 COMPILER V9.52.0.0   KEY                                                               04/09/2019 18:03:49 PAGE 1   


C51 COMPILER V9.52.0.0, COMPILATION OF MODULE KEY
OBJECT MODULE PLACED IN ..\out\key.obj
COMPILER INVOKED BY: C:\Keil\C51\BIN\C51.EXE ..\src\key.c LARGE BROWSE DEBUG OBJECTEXTEND PRINT(..\out\key.lst) OBJECT(.
                    -.\out\key.obj)

line level    source

   1          #include "config.h"
   2          #include "led.h"
   3          
   4          KeySta[4] = {1, 1, 1, 1};
   5          KeyCodeMap[4] = {'1', '2', '3', '4'};
   6          extern u8 brightness;
   7          extern u8 flagset;
   8          
   9          extern void KeyAction(u8 keycode);
  10          extern u8 flag18b20;
  11          
  12          void KeyDriver()
  13          {
  14   1              static u8 backup[4] = {1, 1, 1, 1};
  15   1              u8 i;
  16   1              for(i = 0; i<4; i++)
  17   1              {
  18   2                      if(KeySta[i] != backup[i])
  19   2                      {
  20   3                              if(backup[i] == 1)
  21   3                                      KeyAction(KeyCodeMap[i]);
  22   3                              backup[i] = KeySta[i];
  23   3                      }
  24   2              }
  25   1      }
  26          
  27          void KeyScan()
  28          {
  29   1              static u8 keybuff[4] = {0xFF, 0xFF, 0xFF, 0xFF};
  30   1              u8 i;
  31   1              
  32   1              keybuff[0] = (keybuff[0] << 1) | KEY_IN_1;
  33   1              keybuff[1] = (keybuff[1] << 1) | KEY_IN_2;
  34   1              keybuff[2] = (keybuff[2] << 1) | KEY_IN_3;
  35   1              keybuff[3] = (keybuff[3] << 1) | KEY_IN_4;
  36   1              
  37   1              for(i = 0; i<4; i++)
  38   1              {
  39   2                      if(keybuff[i] == 0x00)
  40   2                      {
  41   3                              KeySta[i] = 0;
  42   3                              if(keybuff[3] == 0x00)
  43   3                              {
  44   4                                      if(flagset == 0)
  45   4                                      {
  46   5                                              ShowNumber(brightness);//注意shownumber函数调用时会自动关闭除显示数字之外的数码管，所以要把他放前面
  47   5                                           LedBuff[1] = 0xBF;
  48   5                                      }
  49   4                              }
  50   3                      }
  51   2                      else if(keybuff[i] == 0xFF)
  52   2                      {
  53   3                              KeySta[i] = 1;
  54   3                      }
C51 COMPILER V9.52.0.0   KEY                                                               04/09/2019 18:03:49 PAGE 2   

  55   2              }
  56   1      }


MODULE INFORMATION:   STATIC OVERLAYABLE
   CODE SIZE        =    284    ----
   CONSTANT SIZE    =   ----    ----
   XDATA SIZE       =     24       2
   PDATA SIZE       =   ----    ----
   DATA SIZE        =   ----    ----
   IDATA SIZE       =   ----    ----
   BIT SIZE         =   ----    ----
END OF MODULE INFORMATION.


C51 COMPILATION COMPLETE.  0 WARNING(S),  0 ERROR(S)
