C51 COMPILER V9.52.0.0   PCF8591                                                           04/09/2019 18:03:49 PAGE 1   


C51 COMPILER V9.52.0.0, COMPILATION OF MODULE PCF8591
OBJECT MODULE PLACED IN ..\out\pcf8591.obj
COMPILER INVOKED BY: C:\Keil\C51\BIN\C51.EXE ..\src\pcf8591.c LARGE BROWSE DEBUG OBJECTEXTEND PRINT(..\out\pcf8591.lst) 
                    -OBJECT(..\out\pcf8591.obj)

line level    source

   1          #include "config.h"
   2          #include "i2.h"
   3          
   4          #define VCC 50
   5          
   6          u8 GetADCValue(u8 chn)
   7          {
   8   1              u8 val;
   9   1              
  10   1              I2CStart();
  11   1              if(!I2CWrite(0x48<<1))
  12   1              {
  13   2                      I2CStop();
  14   2                      return 0;
  15   2              }
  16   1              I2CWrite(0x40 | chn);
  17   1              I2CStart();
  18   1              I2CWrite((0x48<<1) | 0x01);
  19   1              I2CReadACK();
  20   1              val = I2CReadNACK();
  21   1              I2CStop();
  22   1              
  23   1      //      val = (val*VCC) / 255;
  24   1              return val;
  25   1      }
  26          
  27          void SetDACOut(u8 val)
  28          {
  29   1              val = (val*255) / VCC;
  30   1              
  31   1              I2CStart();
  32   1              if(!I2CWrite(0x48<<1))
  33   1              {
  34   2                      I2CStop();
  35   2                      return ;//设定温度没有返回值，所以返回空
  36   2              }
  37   1              I2CWrite(0x40);
  38   1              I2CWrite(val);
  39   1              I2CStop();
  40   1      }


MODULE INFORMATION:   STATIC OVERLAYABLE
   CODE SIZE        =    110    ----
   CONSTANT SIZE    =   ----    ----
   XDATA SIZE       =   ----       3
   PDATA SIZE       =   ----    ----
   DATA SIZE        =   ----    ----
   IDATA SIZE       =   ----    ----
   BIT SIZE         =   ----    ----
END OF MODULE INFORMATION.


C51 COMPILATION COMPLETE.  0 WARNING(S),  0 ERROR(S)
