C51 COMPILER V9.52.0.0   KEY                                                               04/09/2019 18:07:45 PAGE 1   


C51 COMPILER V9.52.0.0, COMPILATION OF MODULE KEY
OBJECT MODULE PLACED IN ..\out\key.obj
COMPILER INVOKED BY: C:\Keil\C51\BIN\C51.EXE ..\src\key.c BROWSE DEBUG OBJECTEXTEND PRINT(..\out\key.lst) OBJECT(..\out\
                    -key.obj)

line level    source

   1          #include "config.h"
   2          
   3          extern u8 flag18b20;
   4          
   5          KeySta[4] = {1, 1, 1, 1};
   6          KeyCodeMap[4] = {'1', '2', '3', '4'};
   7          
   8          extern void KeyAction(u8 keycode);
   9          
  10          void KeyDriver()
  11          {
  12   1              static u8 backup[4] = {1, 1, 1, 1};
  13   1              u8 i;
  14   1              for(i = 0; i<4; i++)
  15   1              {
  16   2                      if(KeySta[i] != backup[i])
  17   2                      {
  18   3                              if(backup[i] == 1)
  19   3                              {
  20   4                                      KeyAction(KeyCodeMap[i]);
  21   4                              }
  22   3                              backup[i] = KeySta[i];
  23   3                      }
  24   2              }
  25   1      }
  26          
  27          void KeyScan()
  28          {
  29   1              static u8 keybuff[4] = {0xFF, 0xFF, 0xFF, 0xFF};
  30   1              u8 i;
  31   1              
  32   1              keybuff[0] = (keybuff[0] << 1) | KEY_IN_1;
  33   1              keybuff[1] = (keybuff[1] << 1) | KEY_IN_2;
  34   1              keybuff[2] = (keybuff[2] << 1) | KEY_IN_3;
  35   1              keybuff[3] = (keybuff[3] << 1) | KEY_IN_4;
  36   1              
  37   1              for(i = 0; i<4; i++)
  38   1              {
  39   2                      if(keybuff[i] == 0x00)
  40   2                              KeySta[i] = 0;
  41   2                      else
  42   2                              KeySta[i] = 1;
  43   2                      if(keybuff[3] == 0x00)
  44   2                      {
  45   3                              flag18b20 = 1;
  46   3                      }
  47   2                      else if(keybuff[3] == 0xFF)
  48   2                      {
  49   3                              flag18b20 = 0;
  50   3                      }
  51   2              }
  52   1      }


C51 COMPILER V9.52.0.0   KEY                                                               04/09/2019 18:07:45 PAGE 2   

MODULE INFORMATION:   STATIC OVERLAYABLE
   CODE SIZE        =    174    ----
   CONSTANT SIZE    =   ----    ----
   XDATA SIZE       =   ----    ----
   PDATA SIZE       =   ----    ----
   DATA SIZE        =     24       1
   IDATA SIZE       =   ----    ----
   BIT SIZE         =   ----    ----
END OF MODULE INFORMATION.


C51 COMPILATION COMPLETE.  0 WARNING(S),  0 ERROR(S)
