C51 COMPILER V9.52.0.0   LED                                                               04/09/2019 18:07:46 PAGE 1   


C51 COMPILER V9.52.0.0, COMPILATION OF MODULE LED
OBJECT MODULE PLACED IN ..\out\led.obj
COMPILER INVOKED BY: C:\Keil\C51\BIN\C51.EXE ..\src\led.c BROWSE DEBUG OBJECTEXTEND PRINT(..\out\led.lst) OBJECT(..\out\
                    -led.obj)

line level    source

   1          #include "config.h"
   2          
   3          u8 LedChar[] = {0xC0, 0xF9, 0xA4, 0xB0, 0x99, 0x92, 0x82, 0xF8, 0x80, 0x90, 0x88, 0x83, 0xC6};
   4          u8 LedBuff[8] = {0xFF, 0xFF, 0xFF, 0xFF, 0xFF, 0xFF, 0xFF, 0xFF};
   5          
   6          void LedScan()
   7          {
   8   1              static u8 index = 0;
   9   1              
  10   1              P2 = (P2 & 0x1F) | 0xE0;
  11   1              P0 |= 0xFF;
  12   1              P2 &= 0x1F;
  13   1              
  14   1              P2 = (P2 & 0x1F) | 0xC0;
  15   1              P0 = 0x80 >> index;
  16   1              P2 &= 0x1F;
  17   1              
  18   1              P2 = (P2 & 0x1F) | 0xE0;
  19   1              P0 = LedBuff[index];
  20   1              P2 &= 0x1F;
  21   1              
  22   1              index++;
  23   1              index &= 7;
  24   1      }
  25          
  26          void ShowNumber(u32 dat)
  27          {
  28   1              u8 buff[8];
  29   1              char i;
  30   1              
  31   1              for(i = 0; i<7; i++)
  32   1              {
  33   2                      buff[i] = dat % 10;
  34   2                      dat /= 10;
  35   2              }
  36   1              for(i = 7; i>0; i--)
  37   1              {
  38   2                      if(buff[i] == 0)
  39   2                              LedBuff[i] = 0xFF; 
  40   2                      else
  41   2                              break;
  42   2              }
  43   1              for(; i>=0; i--)
  44   1              {
  45   2                      LedBuff[i] = LedChar[buff[i]];
  46   2              }
  47   1      }


MODULE INFORMATION:   STATIC OVERLAYABLE
   CODE SIZE        =    187    ----
   CONSTANT SIZE    =   ----    ----
   XDATA SIZE       =   ----    ----
   PDATA SIZE       =   ----    ----
C51 COMPILER V9.52.0.0   LED                                                               04/09/2019 18:07:46 PAGE 2   

   DATA SIZE        =     22      13
   IDATA SIZE       =   ----    ----
   BIT SIZE         =   ----    ----
END OF MODULE INFORMATION.


C51 COMPILATION COMPLETE.  0 WARNING(S),  0 ERROR(S)
