C51 COMPILER V9.52.0.0   MAIN                                                              03/08/2019 22:37:01 PAGE 1   


C51 COMPILER V9.52.0.0, COMPILATION OF MODULE MAIN
OBJECT MODULE PLACED IN ..\out\main.obj
COMPILER INVOKED BY: C:\Keil\C51\BIN\C51.EXE ..\src\main.c BROWSE DEBUG OBJECTEXTEND PRINT(..\out\main.lst) OBJECT(..\ou
                    -t\main.obj)

line level    source

   1          #include <stc15.h>
   2          
   3          typedef unsigned char u8;
   4          typedef unsigned int u16;
   5          typedef unsigned long u32;
   6          
   7          sbit PWMOUT= P0^0;
   8          
   9          u8 T0RH;
  10          u8 T0RL;
  11          u8 HIGHRH;
  12          u8 HIGHRL;
  13          u8 LOWRH;
  14          u8 LOWRL;
  15          u32 tmp2 = 0;
  16          
  17          void ConfigTimer0(u16 ms);
  18          void ConfigTimer1(u32 fr, u8 dc);
  19          void CloseOther();
  20          
  21          void main()
  22          {
  23   1              EA =1;
  24   1              CloseOther();
  25   1              P2 = (P2 & 0x1F) | 0x80; 
  26   1              P0 = 0xFF;
  27   1              ConfigTimer0(50);
  28   1              ConfigTimer1(100,1);
  29   1              
  30   1              while(1)
  31   1              {
  32   2                      
  33   2              }
  34   1      }
  35          
  36          void ConfigTimer0(u16 ms)
  37          {
  38   1              u32 tmp1;
  39   1              
  40   1              tmp1 = 11059200 / 12;
  41   1              tmp1 = (tmp1 * ms) / 1000;
  42   1              tmp1 = 65536 - tmp1;
  43   1              T0RH = (u8)(tmp1 >> 8);
  44   1              T0RL = (u8)tmp1;
  45   1              TMOD &= 0xF0;
  46   1              TMOD |= 0x01; 
  47   1              TH0 = T0RH;
  48   1              TL0 = T0RL;
  49   1              ET0 = 1;
  50   1              TR0 = 1;
  51   1      }
  52          
  53          void AdjustPWM(u8 dc)
  54          {
C51 COMPILER V9.52.0.0   MAIN                                                              03/08/2019 22:37:01 PAGE 2   

  55   1              u8 high,low;
  56   1              
  57   1              high = (tmp2 * dc) / 100;
  58   1              low = tmp2 - high;
  59   1              high = 65536 - high;
  60   1              low = 65536 - low;
  61   1              HIGHRH = (u8)(high >> 8);
  62   1              HIGHRL = (u8)high;
  63   1              LOWRH = (u8)(low >> 8);
  64   1              LOWRL = (u8)low;
  65   1      }
  66          
  67          void InterruptTimer0()interrupt 1
  68          {
  69   1              u8 code table[] = {10,15,20,25,30,35,40,45,50,55,60,65,70,75,80};
  70   1              static u8 dir = 0;
  71   1              static u8 index = 0;
  72   1              
  73   1              AdjustPWM(table[index]);
  74   1              
  75   1              if(dir == 0)
  76   1              {
  77   2                      index++;
  78   2                      if(index == 15)
  79   2                      {
  80   3                              dir = 1;
  81   3                      }
  82   2              }
  83   1              else
  84   1              {
  85   2                      index--;
  86   2                      if(index == 0)
  87   2                      {
  88   3                              dir = 0;
  89   3                      }
  90   2              }
  91   1              
  92   1      }
  93          /*PWM是指高电平占的百分比*/
  94          void ConfigTimer1(u32 fr, u8 dc)//fr代表频率（时间= 1/fr）,dc表示高电平所占的份额
  95          {
  96   1              u8 high,low;
  97   1              
  98   1              tmp2 = 11059200/12/fr;//算出对应频率下的计数次数
  99   1              high = (tmp2 * dc) / 100;//高电平的计数次数
 100   1              low = tmp2 - high;//低电平的计数次数
 101   1              high = 65536 - high;//高电平的初值
 102   1              low = 65536 - low;//低电平的初值
 103   1              HIGHRH = (u8)(high >> 8);//给高八位赋值
 104   1              HIGHRL = (u8)high;//给低八位赋值
 105   1              LOWRH = (u8)(low >> 8);
 106   1              LOWRL = (u8)low;
 107   1              
 108   1              TMOD &= 0x0F;//选定定时器1，定时器0也可以，这里我用的是定时器1
 109   1              TMOD |= 0x10;
 110   1              TH1 = HIGHRH;//给寄存器高八位赋值
 111   1              TL1 = HIGHRL;//给寄存器低八位赋值
 112   1              ET1 = 1;//开启中断1
 113   1              TR1 = 1;//开启计数器
 114   1              PWMOUT = 1;//讲输出口拉高
 115   1      }
 116          
C51 COMPILER V9.52.0.0   MAIN                                                              03/08/2019 22:37:01 PAGE 3   

 117          void InterruptTimer1() interrupt 3
 118          {
 119   1              if(PWMOUT)
 120   1              {
 121   2                      TH1 = LOWRH;
 122   2                      TL1 = LOWRL;
 123   2                      PWMOUT = 0;
 124   2              }
 125   1              else
 126   1              {
 127   2                      TH1 = HIGHRH;
 128   2                      TL1 = HIGHRL;
 129   2                      PWMOUT = 1;
 130   2              }
 131   1      }
 132          
 133          void CloseOther()
 134          {
 135   1              P2 = (P2 & 0x1F) | 0xA0;
 136   1              P0 = 0xAF;
 137   1              P2 &= 0x1F;
 138   1      }


MODULE INFORMATION:   STATIC OVERLAYABLE
   CODE SIZE        =    404    ----
   CONSTANT SIZE    =     15    ----
   XDATA SIZE       =   ----    ----
   PDATA SIZE       =   ----    ----
   DATA SIZE        =     12       9
   IDATA SIZE       =   ----    ----
   BIT SIZE         =   ----    ----
END OF MODULE INFORMATION.


C51 COMPILATION COMPLETE.  0 WARNING(S),  0 ERROR(S)
