C51 COMPILER V9.52.0.0   MAIN                                                              02/21/2019 18:05:16 PAGE 1   


C51 COMPILER V9.52.0.0, COMPILATION OF MODULE MAIN
OBJECT MODULE PLACED IN ..\out\main.obj
COMPILER INVOKED BY: C:\Keil\C51\BIN\C51.EXE ..\src\main.c LARGE BROWSE DEBUG OBJECTEXTEND PRINT(..\out\main.lst) OBJECT
                    -(..\out\main.obj)

line level    source

   1          #include "config.h"
   2          #include "uart.h"
   3          
   4          void main()
   5          {
   6   1          unsigned char a=0x55;
   7   1          unsigned int b=0xAB98;
   8   1          unsigned long c=1234567890; 
   9   1          unsigned char Buf[]="欢迎使用STC15单片机!\n";   //字符串在内存结尾必然有一个附加字符：\0   
  10   1      
  11   1              EA = 1;
  12   1              
  13   1          InitUart(0);                                                // 9600bps@11.0592MHz
  14   1          UartSendStr("串口设置完毕：123ABC\n");              // 发送字符串
  15   1          UartSendStr(Buf);           
  16   1          UartSendNum(b, 1);                                          // 发送数值
  17   1          UartSendStrNum("发送=:",c, 1);                              // 发送字符串+数值
  18   1          UartSendHex(b) ;                                            // 发送16进制
  19   1          UartSendBinary(a);                                          // 发送2进制
  20   1      
  21   1                      
  22   1          while(1)
  23   1          {
  24   2                      
  25   2              }
  26   1      }
  27          
  28          void UartAction()
  29          {
  30   1      //以下仅仅作为演示
  31   1      
  32   1      }


MODULE INFORMATION:   STATIC OVERLAYABLE
   CODE SIZE        =    136    ----
   CONSTANT SIZE    =     51    ----
   XDATA SIZE       =   ----      29
   PDATA SIZE       =   ----    ----
   DATA SIZE        =   ----    ----
   IDATA SIZE       =   ----    ----
   BIT SIZE         =   ----    ----
END OF MODULE INFORMATION.


C51 COMPILATION COMPLETE.  0 WARNING(S),  0 ERROR(S)
