C51 COMPILER V9.52.0.0   E2PROM                                                            04/09/2019 15:02:47 PAGE 1   


C51 COMPILER V9.52.0.0, COMPILATION OF MODULE E2PROM
OBJECT MODULE PLACED IN ..\out\e2prom.obj
COMPILER INVOKED BY: C:\Keil\C51\BIN\C51.EXE ..\src\e2prom.c BROWSE DEBUG OBJECTEXTEND PRINT(..\out\e2prom.lst) OBJECT(.
                    -.\out\e2prom.obj)

line level    source

   1          #include "config.h"
   2          #include "i2c.h"
   3          
   4          void E2Read(u8 *buf, u8 addr, u8 len)
   5          {
   6   1              do{
   7   2                      I2CStart();
   8   2                      if(I2CWrite(0x50<<1))
   9   2                      {
  10   3                              break;
  11   3                      }
  12   2                      I2CStop();
  13   2              }while(1);
  14   1              I2CWrite(addr);
  15   1              I2CStart();
  16   1              I2CWrite((0x50<<1) | 0x01);
  17   1              while(len > 1)
  18   1              {
  19   2                      *buf++ = I2CReadACK();
  20   2                      len--;
  21   2              }
  22   1              *buf = I2CReadNAK();
  23   1              
  24   1              I2CStop();
  25   1      }
  26          
  27          void E2Write(u8 *buf, u8 addr, u8 len)
  28          {
  29   1              while(len > 0)
  30   1              {
  31   2                      do{
  32   3                              I2CStart();
  33   3                              if(I2CWrite(0x50<<1))
  34   3                              {
  35   4                                      break;
  36   4                              }
  37   3                              I2CStop();
  38   3                      }while(1);
  39   2                      I2CWrite(addr);
  40   2                      while(len>0)
  41   2                      {
  42   3                              I2CWrite(*buf++);
  43   3                              len--;
  44   3                              addr++;
  45   3                              if((addr & 0x7F) == 0)
  46   3                              {
  47   4                                      break;
  48   4                              }
  49   3                              I2CStop();
  50   3                      }
  51   2              }
  52   1      }


C51 COMPILER V9.52.0.0   E2PROM                                                            04/09/2019 15:02:47 PAGE 2   

MODULE INFORMATION:   STATIC OVERLAYABLE
   CODE SIZE        =    163    ----
   CONSTANT SIZE    =   ----    ----
   XDATA SIZE       =   ----    ----
   PDATA SIZE       =   ----    ----
   DATA SIZE        =   ----      10
   IDATA SIZE       =   ----    ----
   BIT SIZE         =   ----    ----
END OF MODULE INFORMATION.


C51 COMPILATION COMPLETE.  0 WARNING(S),  0 ERROR(S)
