C51 COMPILER V9.52.0.0   MAIN                                                              02/22/2019 16:43:06 PAGE 1   


C51 COMPILER V9.52.0.0, COMPILATION OF MODULE MAIN
OBJECT MODULE PLACED IN ..\out\main.obj
COMPILER INVOKED BY: C:\Keil\C51\BIN\C51.EXE ..\src\main.c LARGE BROWSE DEBUG OBJECTEXTEND PRINT(..\out\main.lst) OBJECT
                    -(..\out\main.obj)

line level    source

   1          #include "config.h"
   2          #include "uart.h"
   3          #include "i2.h"
   4          #include "eeprom.h"
   5          
   6          void main()
   7          {
   8   1              u8 x = 4,y = 6;
   9   1          unsigned char a=0x55;
  10   1          unsigned int b=0xAB98;
  11   1          unsigned long c=1234567890; 
  12   1          unsigned char Buf[]="欢迎使用STC15单片机!\n";   //字符串在内存结尾必然有一个附加字符：\0   
  13   1      
  14   1              EA = 1;
  15   1              
  16   1          InitUart(0);                                                // 9600bps@11.0592MHz
  17   1      //    UartSendStr("串口设置完毕：123ABC\n");            // 发送字符串
  18   1      //    UartSendStr(Buf);         
  19   1      //    UartSendNum(b, 1);                                        // 发送数值
  20   1      //    UartSendStrNum("发送=:",c, 1);                            // 发送字符串+数值
  21   1      //    UartSendHex(b) ;                                          // 发送16进制
  22   1      //    UartSendBinary(a);  
  23   1              
  24   1              // 发送2进制
  25   1          E2Write(&x, 0x00, 1);
  26   1              E2Read(&y, 0x00, 1);
  27   1              UartSendNum(y, 1);
  28   1                      
  29   1          while(1)
  30   1          {
  31   2                      
  32   2              }
  33   1      }
  34          
  35          void UartAction()
  36          {
  37   1      //以下仅仅作为演示
  38   1      
  39   1      }


MODULE INFORMATION:   STATIC OVERLAYABLE
   CODE SIZE        =    110    ----
   CONSTANT SIZE    =     22    ----
   XDATA SIZE       =   ----      31
   PDATA SIZE       =   ----    ----
   DATA SIZE        =   ----    ----
   IDATA SIZE       =   ----    ----
   BIT SIZE         =   ----    ----
END OF MODULE INFORMATION.


C51 COMPILATION COMPLETE.  0 WARNING(S),  0 ERROR(S)
