C51 COMPILER V9.52.0.0   DS18B02                                                           02/24/2019 11:55:23 PAGE 1   


C51 COMPILER V9.52.0.0, COMPILATION OF MODULE DS18B02
OBJECT MODULE PLACED IN ..\out\ds18b02.obj
COMPILER INVOKED BY: C:\Keil\C51\BIN\C51.EXE ..\src\ds18b02.c BROWSE DEBUG OBJECTEXTEND PRINT(..\out\ds18b02.lst) OBJECT
                    -(..\out\ds18b02.obj)

line level    source

   1          #include "config.h"
   2          #include <intrins.h>
   3          
   4          void Delayus(u8 us)
   5          {
   6   1              do{
   7   2                      _nop_();
   8   2                      _nop_();
   9   2                      _nop_();
  10   2                      _nop_();
  11   2                      _nop_();
  12   2                      _nop_();
  13   2                      _nop_();
  14   2                      _nop_();
  15   2              }while(--us);
  16   1      }
  17          
  18          bit Get18b02ACK()
  19          {
  20   1              bit ack;
  21   1              
  22   1              EA = 0;//记住使用18b02时首先要关闭总中断
  23   1              IO_18B02 = 0;
  24   1              Delayus(250);
  25   1              Delayus(250);
  26   1              IO_18B02 = 1;
  27   1              Delayus(60);
  28   1              ack = IO_18B02;
  29   1              while(!IO_18B02);
  30   1              EA = 1;
  31   1              
  32   1          return ~ack;        
  33   1      }
  34          
  35          void Write18b02(u8 dat)
  36          {
  37   1              u8 mask;
  38   1              
  39   1              EA = 0;
  40   1              for(mask = 0x01; mask != 0; mask <<= 1)
  41   1              {
  42   2                      IO_18B02 = 0;
  43   2                      Delayus(2);
  44   2                      if((dat & mask) == 0)
  45   2                              IO_18B02 = 0;
  46   2                      else
  47   2                              IO_18B02 = 1;
  48   2                      Delayus(60);
  49   2                      IO_18B02 = 1;
  50   2              }
  51   1              EA = 1;
  52   1      }
  53          
  54          u8 Read18b02()
C51 COMPILER V9.52.0.0   DS18B02                                                           02/24/2019 11:55:23 PAGE 2   

  55          {
  56   1              u8 mask;
  57   1              u8 dat = 0;
  58   1              
  59   1              for(mask = 0x01; mask != 0; mask <<= 1)
  60   1              {
  61   2                      IO_18B02 = 0;
  62   2                      Delayus(2);
  63   2                      IO_18B02 = 1;
  64   2                      Delayus(2);
  65   2                      
  66   2                      if(IO_18B02 == 1)
  67   2                              dat |= mask;
  68   2                      else
  69   2                              dat &= ~mask;
  70   2                      Delayus(60);
  71   2              }
  72   1              EA = 1;
  73   1              
  74   1              return dat;
  75   1      }
  76          
  77          bit Start18b02()
  78          {
  79   1              bit ack;
  80   1              
  81   1              ack = Get18b02ACK();
  82   1              if(ack == 1)
  83   1              {
  84   2                      Write18b02(0xCC);
  85   2                      Write18b02(0x44);
  86   2              }
  87   1              return ~ack;
  88   1      }
  89          
  90          bit Get18b02Temp(int *temp)
  91          {
  92   1              bit ack;
  93   1              u8 LSB,MSB;
  94   1              
  95   1              ack = Get18b02ACK();
  96   1              if(ack == 1)
  97   1              {
  98   2                      Write18b02(0xCC);
  99   2                      Write18b02(0xBE);
 100   2                      LSB = Read18b02();
 101   2                      MSB = Read18b02();
 102   2                      *temp = ((int)MSB << 8) + LSB;
 103   2              }
 104   1              return ~ack;            
 105   1      }
 106                  
 107                  


MODULE INFORMATION:   STATIC OVERLAYABLE
   CODE SIZE        =    202    ----
   CONSTANT SIZE    =   ----    ----
   XDATA SIZE       =   ----    ----
   PDATA SIZE       =   ----    ----
   DATA SIZE        =   ----    ----
   IDATA SIZE       =   ----    ----
C51 COMPILER V9.52.0.0   DS18B02                                                           02/24/2019 11:55:23 PAGE 3   

   BIT SIZE         =   ----       3
END OF MODULE INFORMATION.


C51 COMPILATION COMPLETE.  0 WARNING(S),  0 ERROR(S)
