C51 COMPILER V9.52.0.0   KEY                                                               02/24/2019 11:55:23 PAGE 1   


C51 COMPILER V9.52.0.0, COMPILATION OF MODULE KEY
OBJECT MODULE PLACED IN ..\out\key.obj
COMPILER INVOKED BY: C:\Keil\C51\BIN\C51.EXE ..\src\key.c BROWSE DEBUG OBJECTEXTEND PRINT(..\out\key.lst) OBJECT(..\out\
                    -key.obj)

line level    source

   1          #include "config.h"
   2          
   3          KeySta[4] = {1, 1, 1, 1};
   4          KeyCodeMap[4] = {'1', '2', '3', '4'};
   5          
   6          extern void KeyAction(u8 keycode);
   7          
   8          void KeyDriver()
   9          {
  10   1              static u8 backup[4] = {1, 1, 1, 1};
  11   1              u8 i;
  12   1              for(i = 0; i<4; i++)
  13   1              {
  14   2                      if(KeySta[i] != backup[i])
  15   2                      {
  16   3                              if(backup[i] == 1)
  17   3                                      KeyAction(KeyCodeMap[i]);
  18   3                              backup[i] = KeySta[i];
  19   3                      }
  20   2              }
  21   1      }
  22          
  23          void KeyScan()
  24          {
  25   1              static u8 keybuff[4] = {0xFF, 0xFF, 0xFF, 0xFF};
  26   1              u8 i;
  27   1              
  28   1              keybuff[0] = (keybuff[0] << 1) | KEY_IN_1;
  29   1              keybuff[1] = (keybuff[1] << 1) | KEY_IN_2;
  30   1              keybuff[2] = (keybuff[2] << 1) | KEY_IN_3;
  31   1              keybuff[3] = (keybuff[3] << 1) | KEY_IN_4;
  32   1              
  33   1              for(i = 0; i<4; i++)
  34   1              {
  35   2                      if(keybuff[i] == 0x00)
  36   2                              KeySta[i] = 0;
  37   2                      else
  38   2                              KeySta[i] = 1;
  39   2              }
  40   1      }


MODULE INFORMATION:   STATIC OVERLAYABLE
   CODE SIZE        =    157    ----
   CONSTANT SIZE    =   ----    ----
   XDATA SIZE       =   ----    ----
   PDATA SIZE       =   ----    ----
   DATA SIZE        =     24       1
   IDATA SIZE       =   ----    ----
   BIT SIZE         =   ----    ----
END OF MODULE INFORMATION.


C51 COMPILATION COMPLETE.  0 WARNING(S),  0 ERROR(S)
