C51 COMPILER V9.52.0.0   MAIN                                                              02/24/2019 11:55:23 PAGE 1   


C51 COMPILER V9.52.0.0, COMPILATION OF MODULE MAIN
OBJECT MODULE PLACED IN ..\out\main.obj
COMPILER INVOKED BY: C:\Keil\C51\BIN\C51.EXE ..\src\main.c BROWSE DEBUG OBJECTEXTEND PRINT(..\out\main.lst) OBJECT(..\ou
                    -t\main.obj)

line level    source

   1          #include "config.h"
   2          #include "led.h"
   3          #include "key.h"
   4          #include "ds18b02.h"
   5          u8 T0RH;
   6          u8 T0RL;
   7          u8 flag200ms = 0;
   8          u8 flagstart = 0;
   9          
  10          void ConfigTimer0(u8 ms);
  11          void CloseOther();
  12          void OpenOther();
  13          void RefreshTemp();
  14          
  15          void main()
  16          {
  17   1              CloseOther();
  18   1              EA = 1;
  19   1              ConfigTimer0(2);
  20   1              Start18b02();
  21   1              
  22   1              while(1)
  23   1              {
  24   2                      KeyDriver();
  25   2      //      if(flagstart == 1)
  26   2      //              {
  27   2                              if(flag200ms == 1)
  28   2                              {
  29   3                                      flag200ms = 0;
  30   3                                      RefreshTemp();
  31   3                              } 
  32   2      //              }
  33   2      //              else
  34   2      //              {
  35   2      //                      LedBuff[2] = 0xFF;
  36   2      //                      LedBuff[1] = 0xFF;
  37   2      //                      LedBuff[0] = 0xFF;
  38   2      //              }
  39   2              }
  40   1      }
  41          
  42          void ConfigTimer0(u8 ms)
  43          {
  44   1              u32 tmp;
  45   1              
  46   1              tmp = 11059200 / 12;
  47   1              tmp = (tmp * ms) / 1000;
  48   1              tmp = 65536 - tmp;
  49   1              T0RH = (u8)(tmp >> 8);
  50   1              T0RL = (u8)tmp;
  51   1              TMOD &= 0xF0;
  52   1              TMOD |= 0x01;
  53   1              TH0 = T0RH;
  54   1              TL0 = T0RL;
C51 COMPILER V9.52.0.0   MAIN                                                              02/24/2019 11:55:23 PAGE 2   

  55   1              ET0 = 1;
  56   1              TR0 = 1;
  57   1      } 
  58          
  59          void InterruptTimer0() interrupt 1
  60          {
  61   1              static u8 tmr200ms = 0;
  62   1              
  63   1              TH0 = T0RH;
  64   1              TL0 = T0RL;
  65   1              tmr200ms++;
  66   1              
  67   1              KeyScan();
  68   1              LedScan();
  69   1              if(tmr200ms >= 100)
  70   1              {
  71   2                      flag200ms = 1;
  72   2                      tmr200ms = 0;
  73   2              }
  74   1      }
  75          
  76          void KeyAction(u8 keycode)
  77          {
  78   1              if(keycode == '1')
  79   1                      flagstart ^= 1; 
  80   1      }
  81          
  82          void CloseOther()
  83          {
  84   1              P2 = (P2 & 0x1F) | 0x80;
  85   1              P0 = 0xFF;
  86   1              P2 &= 0x1F;
  87   1              
  88   1              P2 = (P2 & 0x1F) | 0xA0;
  89   1              P0 = 0xAF;
  90   1              P2 &= 0x1F;
  91   1      }
  92          
  93          //void OpenOther()
  94          //{
  95          //      P2 = (P2 & 0x1F) | 0x80;
  96          //      P0 = 0x00;
  97          //      P2 &= 0x1F;
  98          //      
  99          //      P2 = (P2 & 0x1F) | 0xA0;
 100          //      P0 = 0x5F;
 101          //      P2 &= 0x1F;
 102          //}
 103          
 104          void RefreshTemp()
 105          {
 106   1              int temp;
 107   1              u8 i;
 108   1              
 109   1              for(i = 7; i>=3; i--)
 110   1              {
 111   2                      LedBuff[i] = 0xFF;
 112   2              }
 113   1              Get18b02Temp(&temp);
 114   1              Start18b02();
 115   1              
 116   1              
C51 COMPILER V9.52.0.0   MAIN                                                              02/24/2019 11:55:23 PAGE 3   

 117   1              temp >>= 4;
 118   1              
 119   1              LedBuff[2] = LedChar[temp / 10];
 120   1              LedBuff[1] = LedChar[temp % 10];
 121   1              LedBuff[0] = LedChar[12];
 122   1      }
 123                  
 124                  


MODULE INFORMATION:   STATIC OVERLAYABLE
   CODE SIZE        =    328    ----
   CONSTANT SIZE    =   ----    ----
   XDATA SIZE       =   ----    ----
   PDATA SIZE       =   ----    ----
   DATA SIZE        =      5       6
   IDATA SIZE       =   ----    ----
   BIT SIZE         =   ----    ----
END OF MODULE INFORMATION.


C51 COMPILATION COMPLETE.  0 WARNING(S),  0 ERROR(S)
